09:02:45  INFO      main: === Industrial Automation Controller starting ===
09:02:45  INFO      main: Initialising GPIO sensors (HC-SR04, HC-SR501)...
09:02:45  INFO      main: Opening SPI0.0 link to NUCLEO-F746ZG...
09:02:45  INFO      controller: Controller started — entering IDLE state.
09:02:56  INFO      controller: Object detected — sending GRIP command.
09:02:56  INFO      controller: State: IDLE → GRIPPING
09:02:56  DEBUG     controller: GRIPPING — Nucleo status: 0x00
09:02:56  DEBUG     controller: GRIPPING — Nucleo status: 0x00
09:02:56  DEBUG     controller: GRIPPING — Nucleo status: 0x00
09:02:56  DEBUG     controller: GRIPPING — Nucleo status: 0x00
09:02:56  DEBUG     controller: GRIPPING — Nucleo status: 0x00
09:02:56  DEBUG     controller: GRIPPING — Nucleo status: 0x00
09:02:56  DEBUG     controller: GRIPPING — Nucleo status: 0x00
09:02:57  DEBUG     controller: GRIPPING — Nucleo status: 0x00
09:02:57  DEBUG     controller: GRIPPING — Nucleo status: 0x00
09:02:57  DEBUG     controller: GRIPPING — Nucleo status: 0x00
09:02:57  DEBUG     controller: GRIPPING — Nucleo status: 0x00
09:02:57  DEBUG     controller: GRIPPING — Nucleo status: 0x00
09:02:57  DEBUG     controller: GRIPPING — Nucleo status: 0x00
09:02:57  DEBUG     controller: GRIPPING — Nucleo status: 0x00
09:02:57  DEBUG     controller: GRIPPING — Nucleo status: 0x00
09:02:57  DEBUG     controller: GRIPPING — Nucleo status: 0x00
09:02:57  DEBUG     controller: GRIPPING — Nucleo status: 0x00
09:02:58  DEBUG     controller: GRIPPING — Nucleo status: 0x00
09:02:58  DEBUG     controller: GRIPPING — Nucleo status: 0x00
09:02:58  DEBUG     controller: GRIPPING — Nucleo status: 0x00
09:02:58  DEBUG     controller: GRIPPING — Nucleo status: 0x00
09:02:58  DEBUG     controller: GRIPPING — Nucleo status: 0x00
09:02:58  DEBUG     controller: GRIPPING — Nucleo status: 0x00
09:02:58  DEBUG     controller: GRIPPING — Nucleo status: 0x00
09:02:58  DEBUG     controller: GRIPPING — Nucleo status: 0x00
09:02:58  DEBUG     controller: GRIPPING — Nucleo status: 0x00
09:02:58  DEBUG     controller: GRIPPING — Nucleo status: 0x00
09:02:59  DEBUG     controller: GRIPPING — Nucleo status: 0x00
09:02:59  DEBUG     controller: GRIPPING — Nucleo status: 0x00
09:02:59  DEBUG     controller: GRIPPING — Nucleo status: 0x00
09:02:59  WARNING   controller: Grip transition timeout. Returning to IDLE.
09:02:59  INFO      controller: State: GRIPPING → IDLE
